2022.04.12 10:43:03 INFO  tracing is disabled for protocol LSP, to enable tracing of incoming and outgoing JSON messages create an empty file at /home/fizza/Documents/mdu_rv32/.metals/lsp.trace.json or /home/fizza/.cache/metals/lsp.trace.json[0m
2022.04.12 10:43:04 INFO  logging to file /home/fizza/Documents/mdu_rv32/.metals/metals.log[0m
2022.04.12 10:43:04 INFO  Started: Metals version 0.11.2 in workspace '/home/fizza/Documents/mdu_rv32' for client Visual Studio Code 1.66.1.[0m
2022.04.12 10:43:07 INFO  time: initialize in 3.13s[0m
2022.04.12 10:43:08 WARN  Build server is not auto-connectable.[0m
2022.04.12 10:43:10 WARN  no build target for: /home/fizza/Documents/mdu_rv32/src/main/scala/MduControl.scala[0m
2022.04.12 10:43:10 WARN  no build target for: /home/fizza/Documents/mdu_rv32/src/main/scala/Multiplier.scala[0m
2022.04.12 10:43:10 WARN  no build target for: /home/fizza/Documents/mdu_rv32/src/test/scala/MultiplierTest.scala[0m
2022.04.12 10:43:16 INFO  no build target found for /home/fizza/Documents/mdu_rv32/src/main/scala/MduControl.scala. Using presentation compiler with project's scala-library version: 3.1.1[0m
2022.04.12 10:43:20 INFO  time: code lens generation in 8.11s[0m
2022.04.12 10:47:53 WARN  no build target for: /home/fizza/Documents/mdu_rv32/src/test/scala/MultiplierTest.scala[0m
2022.04.12 10:47:55 WARN  no build target for: /home/fizza/Documents/mdu_rv32/src/test/scala/MultiplierTest.scala[0m
2022.04.12 10:50:03 WARN  no build target for: /home/fizza/Documents/mdu_rv32/src/test/scala/MultiplierTest.scala[0m
2022.04.12 10:50:04 WARN  no build target for: /home/fizza/Documents/mdu_rv32/src/test/scala/MultiplierTest.scala[0m
2022.04.12 10:56:31 WARN  no build target for: /home/fizza/Documents/mdu_rv32/src/test/scala/MultiplierTest.scala[0m
2022.04.12 10:56:33 WARN  no build target for: /home/fizza/Documents/mdu_rv32/src/test/scala/MultiplierTest.scala[0m
2022.04.12 10:56:37 WARN  no build target for: /home/fizza/Documents/mdu_rv32/src/test/scala/MultiplierTest.scala[0m
2022.04.12 10:56:38 WARN  no build target for: /home/fizza/Documents/mdu_rv32/src/test/scala/MultiplierTest.scala[0m
2022.04.12 10:56:40 WARN  no build target for: /home/fizza/Documents/mdu_rv32/src/test/scala/MultiplierTest.scala[0m
2022.04.12 10:57:08 WARN  no build target for: /home/fizza/Documents/mdu_rv32/src/test/scala/MultiplierTest.scala[0m
2022.04.12 10:57:12 WARN  no build target for: /home/fizza/Documents/mdu_rv32/src/test/scala/MultiplierTest.scala[0m
2022.04.12 10:57:35 WARN  no build target for: /home/fizza/Documents/mdu_rv32/src/test/scala/MultiplierTest.scala[0m
2022.04.12 10:57:36 WARN  no build target for: /home/fizza/Documents/mdu_rv32/src/test/scala/MultiplierTest.scala[0m
2022.04.12 10:58:06 WARN  no build target for: /home/fizza/Documents/mdu_rv32/src/test/scala/MultiplierTest.scala[0m
2022.04.12 10:58:29 WARN  no build target for: /home/fizza/Documents/mdu_rv32/src/test/scala/MultiplierTest.scala[0m
2022.04.12 10:58:34 WARN  no build target for: /home/fizza/Documents/mdu_rv32/src/test/scala/MultiplierTest.scala[0m
2022.04.12 10:58:43 WARN  no build target for: /home/fizza/Documents/mdu_rv32/src/test/scala/MultiplierTest.scala[0m
2022.04.12 10:59:17 WARN  no build target for: /home/fizza/Documents/mdu_rv32/src/test/scala/MultiplierTest.scala[0m
2022.04.12 10:59:21 WARN  no build target for: /home/fizza/Documents/mdu_rv32/src/test/scala/MultiplierTest.scala[0m
2022.04.12 10:59:22 WARN  no build target for: /home/fizza/Documents/mdu_rv32/src/test/scala/MultiplierTest.scala[0m
2022.04.12 10:59:24 WARN  no build target for: /home/fizza/Documents/mdu_rv32/src/test/scala/MultiplierTest.scala[0m
2022.04.12 10:59:32 WARN  no build target for: /home/fizza/Documents/mdu_rv32/src/test/scala/MultiplierTest.scala[0m
2022.04.12 11:00:51 WARN  no build target for: /home/fizza/Documents/mdu_rv32/src/main/scala/Multiplier.scala[0m
2022.04.12 11:00:54 WARN  no build target for: /home/fizza/Documents/mdu_rv32/src/main/scala/Multiplier.scala[0m
2022.04.12 11:00:59 WARN  no build target for: /home/fizza/Documents/mdu_rv32/src/main/scala/Multiplier.scala[0m
2022.04.12 11:01:04 WARN  no build target for: /home/fizza/Documents/mdu_rv32/src/main/scala/Multiplier.scala[0m
2022.04.12 11:01:09 WARN  no build target for: /home/fizza/Documents/mdu_rv32/src/main/scala/Multiplier.scala[0m
2022.04.12 11:01:10 WARN  no build target for: /home/fizza/Documents/mdu_rv32/src/main/scala/Multiplier.scala[0m
2022.04.12 11:01:13 WARN  no build target for: /home/fizza/Documents/mdu_rv32/src/main/scala/Multiplier.scala[0m
2022.04.12 11:01:15 WARN  no build target for: /home/fizza/Documents/mdu_rv32/src/main/scala/Multiplier.scala[0m
2022.04.12 11:02:07 WARN  no build target for: /home/fizza/Documents/mdu_rv32/src/main/scala/Multiplier.scala[0m
Apr 12, 2022 11:02:08 AM org.eclipse.lsp4j.jsonrpc.RemoteEndpoint handleCancellation
WARNING: Unmatched cancel notification for request id 388
2022.04.12 11:02:12 WARN  no build target for: /home/fizza/Documents/mdu_rv32/src/main/scala/Multiplier.scala[0m
2022.04.12 11:02:15 WARN  no build target for: /home/fizza/Documents/mdu_rv32/src/main/scala/Multiplier.scala[0m
2022.04.12 11:02:16 WARN  no build target for: /home/fizza/Documents/mdu_rv32/src/main/scala/Multiplier.scala[0m
2022.04.12 11:03:03 WARN  no build target for: /home/fizza/Documents/mdu_rv32/src/main/scala/Multiplier.scala[0m
2022.04.12 11:03:06 WARN  no build target for: /home/fizza/Documents/mdu_rv32/src/main/scala/Multiplier.scala[0m
2022.04.12 11:11:07 WARN  no build target for: /home/fizza/Documents/mdu_rv32/src/test/scala/MultiplierTest.scala[0m
2022.04.12 11:11:08 WARN  no build target for: /home/fizza/Documents/mdu_rv32/src/test/scala/MultiplierTest.scala[0m
2022.04.12 11:11:10 WARN  no build target for: /home/fizza/Documents/mdu_rv32/src/test/scala/MultiplierTest.scala[0m
2022.04.12 11:11:23 WARN  no build target for: /home/fizza/Documents/mdu_rv32/src/test/scala/MultiplierTest.scala[0m
2022.04.12 11:11:25 WARN  no build target for: /home/fizza/Documents/mdu_rv32/src/test/scala/MultiplierTest.scala[0m
2022.04.12 11:11:26 WARN  no build target for: /home/fizza/Documents/mdu_rv32/src/test/scala/MultiplierTest.scala[0m
2022.04.12 11:11:29 WARN  no build target for: /home/fizza/Documents/mdu_rv32/src/test/scala/MultiplierTest.scala[0m
2022.04.12 11:11:41 WARN  no build target for: /home/fizza/Documents/mdu_rv32/src/test/scala/MultiplierTest.scala[0m
2022.04.12 11:12:26 WARN  no build target for: /home/fizza/Documents/mdu_rv32/src/test/scala/MultiplierTest.scala[0m
2022.04.12 11:12:27 WARN  no build target for: /home/fizza/Documents/mdu_rv32/src/test/scala/MultiplierTest.scala[0m
2022.04.12 11:12:29 WARN  no build target for: /home/fizza/Documents/mdu_rv32/src/test/scala/MultiplierTest.scala[0m
2022.04.12 11:12:33 WARN  no build target for: /home/fizza/Documents/mdu_rv32/src/test/scala/MultiplierTest.scala[0m
2022.04.12 11:13:31 WARN  no build target for: /home/fizza/Documents/mdu_rv32/src/test/scala/MultiplierTest.scala[0m
2022.04.12 11:13:41 WARN  no build target for: /home/fizza/Documents/mdu_rv32/src/test/scala/MultiplierTest.scala[0m
2022.04.12 11:13:48 WARN  no build target for: /home/fizza/Documents/mdu_rv32/src/test/scala/MultiplierTest.scala[0m
2022.04.12 11:13:52 WARN  no build target for: /home/fizza/Documents/mdu_rv32/src/test/scala/MultiplierTest.scala[0m
2022.04.12 11:14:36 WARN  no build target for: /home/fizza/Documents/mdu_rv32/src/test/scala/MultiplierTest.scala[0m
2022.04.12 11:14:37 WARN  no build target for: /home/fizza/Documents/mdu_rv32/src/test/scala/MultiplierTest.scala[0m
2022.04.12 11:14:40 WARN  no build target for: /home/fizza/Documents/mdu_rv32/src/test/scala/MultiplierTest.scala[0m
2022.04.12 11:14:45 WARN  no build target for: /home/fizza/Documents/mdu_rv32/src/test/scala/MultiplierTest.scala[0m
2022.04.12 11:36:20 WARN  no build target for: /home/fizza/Documents/mdu_rv32/src/test/scala/MultiplierTest.scala[0m
2022.04.12 11:36:23 WARN  no build target for: /home/fizza/Documents/mdu_rv32/src/test/scala/MultiplierTest.scala[0m
2022.04.12 11:36:27 WARN  no build target for: /home/fizza/Documents/mdu_rv32/src/test/scala/MultiplierTest.scala[0m
2022.04.12 11:36:32 WARN  no build target for: /home/fizza/Documents/mdu_rv32/src/test/scala/MultiplierTest.scala[0m
2022.04.12 11:36:36 WARN  no build target for: /home/fizza/Documents/mdu_rv32/src/test/scala/MultiplierTest.scala[0m
2022.04.12 11:36:50 WARN  no build target for: /home/fizza/Documents/mdu_rv32/src/test/scala/MultiplierTest.scala[0m
2022.04.12 11:36:56 WARN  no build target for: /home/fizza/Documents/mdu_rv32/src/test/scala/MultiplierTest.scala[0m
2022.04.12 11:36:58 WARN  no build target for: /home/fizza/Documents/mdu_rv32/src/test/scala/MultiplierTest.scala[0m
2022.04.12 11:37:01 WARN  no build target for: /home/fizza/Documents/mdu_rv32/src/test/scala/MultiplierTest.scala[0m
2022.04.12 11:37:03 WARN  no build target for: /home/fizza/Documents/mdu_rv32/src/test/scala/MultiplierTest.scala[0m
2022.04.12 11:37:07 WARN  no build target for: /home/fizza/Documents/mdu_rv32/src/test/scala/MultiplierTest.scala[0m
Apr 12, 2022 11:37:07 AM org.eclipse.lsp4j.jsonrpc.RemoteEndpoint fallbackResponseError
SEVERE: Internal error: file:///home/fizza/Documents/mdu_rv32/src/test/scala/MultiplierTest.scala:13: error: unclosed string literal
      c.io.src_a.poke("B11100.S)
                      ^
java.util.concurrent.CompletionException: file:///home/fizza/Documents/mdu_rv32/src/test/scala/MultiplierTest.scala:13: error: unclosed string literal
      c.io.src_a.poke("B11100.S)
                      ^
	at java.util.concurrent.CompletableFuture.encodeThrowable(CompletableFuture.java:292)
	at java.util.concurrent.CompletableFuture.completeThrowable(CompletableFuture.java:308)
	at java.util.concurrent.CompletableFuture.uniAccept(CompletableFuture.java:661)
	at java.util.concurrent.CompletableFuture$UniAccept.tryFire(CompletableFuture.java:646)
	at java.util.concurrent.CompletableFuture.postComplete(CompletableFuture.java:488)
	at java.util.concurrent.CompletableFuture.completeExceptionally(CompletableFuture.java:1990)
	at scala.meta.internal.metals.CancelTokens$.$anonfun$future$1(CancelTokens.scala:40)
	at scala.meta.internal.metals.CancelTokens$.$anonfun$future$1$adapted(CancelTokens.scala:38)
	at scala.concurrent.impl.CallbackRunnable.run(Promise.scala:64)
	at java.util.concurrent.ThreadPoolExecutor.runWorker(ThreadPoolExecutor.java:1149)
	at java.util.concurrent.ThreadPoolExecutor$Worker.run(ThreadPoolExecutor.java:624)
	at java.lang.Thread.run(Thread.java:748)
Caused by: file:///home/fizza/Documents/mdu_rv32/src/test/scala/MultiplierTest.scala:13: error: unclosed string literal
      c.io.src_a.poke("B11100.S)
                      ^
	at scala.meta.internal.tokenizers.Reporter.syntaxError(Reporter.scala:23)
	at scala.meta.internal.tokenizers.Reporter.syntaxError$(Reporter.scala:23)
	at scala.meta.internal.tokenizers.Reporter$$anon$1.syntaxError(Reporter.scala:33)
	at scala.meta.internal.tokenizers.Reporter.syntaxError(Reporter.scala:25)
	at scala.meta.internal.tokenizers.Reporter.syntaxError$(Reporter.scala:25)
	at scala.meta.internal.tokenizers.Reporter$$anon$1.syntaxError(Reporter.scala:33)
	at scala.meta.internal.tokenizers.LegacyScanner.getStringLit(LegacyScanner.scala:663)
	at scala.meta.internal.tokenizers.LegacyScanner.fetchDoubleQuote$1(LegacyScanner.scala:446)
	at scala.meta.internal.tokenizers.LegacyScanner.fetchToken(LegacyScanner.scala:450)
	at scala.meta.internal.tokenizers.LegacyScanner.nextToken(LegacyScanner.scala:251)
	at scala.meta.internal.mtags.ScalaToplevelMtags.acceptBalancedDelimeters(ScalaToplevelMtags.scala:274)
	at scala.meta.internal.mtags.ScalaToplevelMtags.loop(ScalaToplevelMtags.scala:172)
	at scala.meta.internal.mtags.ScalaToplevelMtags.indexRoot(ScalaToplevelMtags.scala:50)
	at scala.meta.internal.mtags.MtagsIndexer.index(MtagsIndexer.scala:19)
	at scala.meta.internal.mtags.MtagsIndexer.index$(MtagsIndexer.scala:18)
	at scala.meta.internal.mtags.ScalaToplevelMtags.index(ScalaToplevelMtags.scala:40)
	at scala.meta.internal.mtags.Mtags$.allToplevels(Mtags.scala:96)
	at scala.meta.internal.metals.DefinitionProvider.fromMtags(DefinitionProvider.scala:232)
	at scala.meta.internal.metals.DefinitionProvider.$anonfun$positionOccurrence$3(DefinitionProvider.scala:193)
	at scala.Option.orElse(Option.scala:447)
	at scala.meta.internal.metals.DefinitionProvider.$anonfun$positionOccurrence$1(DefinitionProvider.scala:193)
	at scala.Option.flatMap(Option.scala:271)
	at scala.meta.internal.metals.DefinitionProvider.positionOccurrence(DefinitionProvider.scala:188)
	at scala.meta.internal.metals.DocumentHighlightProvider.$anonfun$documentHighlight$1(DocumentHighlightProvider.scala:33)
	at scala.collection.immutable.List.map(List.scala:293)
	at scala.meta.internal.metals.DocumentHighlightProvider.documentHighlight(DocumentHighlightProvider.scala:29)
	at scala.meta.internal.metals.MetalsLanguageServer.$anonfun$documentHighlights$1(MetalsLanguageServer.scala:1451)
	at scala.meta.internal.metals.CancelTokens$.$anonfun$apply$2(CancelTokens.scala:26)
	at scala.concurrent.Future$.$anonfun$apply$1(Future.scala:659)
	at scala.util.Success.$anonfun$map$1(Try.scala:255)
	at scala.util.Success.map(Try.scala:213)
	at scala.concurrent.Future.$anonfun$map$1(Future.scala:292)
	at scala.concurrent.impl.Promise.liftedTree1$1(Promise.scala:33)
	at scala.concurrent.impl.Promise.$anonfun$transform$1(Promise.scala:33)
	... 4 more

Apr 12, 2022 11:37:11 AM org.eclipse.lsp4j.jsonrpc.RemoteEndpoint fallbackResponseError
SEVERE: Internal error: file:///home/fizza/Documents/mdu_rv32/src/test/scala/MultiplierTest.scala:13: error: unclosed string literal
      c.io.src_a.poke("B11100.S)
                      ^
java.util.concurrent.CompletionException: file:///home/fizza/Documents/mdu_rv32/src/test/scala/MultiplierTest.scala:13: error: unclosed string literal
      c.io.src_a.poke("B11100.S)
                      ^
	at java.util.concurrent.CompletableFuture.encodeThrowable(CompletableFuture.java:292)
	at java.util.concurrent.CompletableFuture.completeThrowable(CompletableFuture.java:308)
	at java.util.concurrent.CompletableFuture.uniAccept(CompletableFuture.java:661)
	at java.util.concurrent.CompletableFuture$UniAccept.tryFire(CompletableFuture.java:646)
	at java.util.concurrent.CompletableFuture.postComplete(CompletableFuture.java:488)
	at java.util.concurrent.CompletableFuture.completeExceptionally(CompletableFuture.java:1990)
	at scala.meta.internal.metals.CancelTokens$.$anonfun$future$1(CancelTokens.scala:40)
	at scala.meta.internal.metals.CancelTokens$.$anonfun$future$1$adapted(CancelTokens.scala:38)
	at scala.concurrent.impl.CallbackRunnable.run(Promise.scala:64)
	at java.util.concurrent.ThreadPoolExecutor.runWorker(ThreadPoolExecutor.java:1149)
	at java.util.concurrent.ThreadPoolExecutor$Worker.run(ThreadPoolExecutor.java:624)
	at java.lang.Thread.run(Thread.java:748)
Caused by: file:///home/fizza/Documents/mdu_rv32/src/test/scala/MultiplierTest.scala:13: error: unclosed string literal
      c.io.src_a.poke("B11100.S)
                      ^
	at scala.meta.internal.tokenizers.Reporter.syntaxError(Reporter.scala:23)
	at scala.meta.internal.tokenizers.Reporter.syntaxError$(Reporter.scala:23)
	at scala.meta.internal.tokenizers.Reporter$$anon$1.syntaxError(Reporter.scala:33)
	at scala.meta.internal.tokenizers.Reporter.syntaxError(Reporter.scala:25)
	at scala.meta.internal.tokenizers.Reporter.syntaxError$(Reporter.scala:25)
	at scala.meta.internal.tokenizers.Reporter$$anon$1.syntaxError(Reporter.scala:33)
	at scala.meta.internal.tokenizers.LegacyScanner.getStringLit(LegacyScanner.scala:663)
	at scala.meta.internal.tokenizers.LegacyScanner.fetchDoubleQuote$1(LegacyScanner.scala:446)
	at scala.meta.internal.tokenizers.LegacyScanner.fetchToken(LegacyScanner.scala:450)
	at scala.meta.internal.tokenizers.LegacyScanner.nextToken(LegacyScanner.scala:251)
	at scala.meta.internal.mtags.ScalaToplevelMtags.acceptBalancedDelimeters(ScalaToplevelMtags.scala:274)
	at scala.meta.internal.mtags.ScalaToplevelMtags.loop(ScalaToplevelMtags.scala:172)
	at scala.meta.internal.mtags.ScalaToplevelMtags.indexRoot(ScalaToplevelMtags.scala:50)
	at scala.meta.internal.mtags.MtagsIndexer.index(MtagsIndexer.scala:19)
	at scala.meta.internal.mtags.MtagsIndexer.index$(MtagsIndexer.scala:18)
	at scala.meta.internal.mtags.ScalaToplevelMtags.index(ScalaToplevelMtags.scala:40)
	at scala.meta.internal.mtags.Mtags$.allToplevels(Mtags.scala:96)
	at scala.meta.internal.metals.DefinitionProvider.fromMtags(DefinitionProvider.scala:232)
	at scala.meta.internal.metals.DefinitionProvider.$anonfun$positionOccurrence$3(DefinitionProvider.scala:193)
	at scala.Option.orElse(Option.scala:447)
	at scala.meta.internal.metals.DefinitionProvider.$anonfun$positionOccurrence$1(DefinitionProvider.scala:193)
	at scala.Option.flatMap(Option.scala:271)
	at scala.meta.internal.metals.DefinitionProvider.positionOccurrence(DefinitionProvider.scala:188)
	at scala.meta.internal.metals.DocumentHighlightProvider.$anonfun$documentHighlight$1(DocumentHighlightProvider.scala:33)
	at scala.collection.immutable.List.map(List.scala:293)
	at scala.meta.internal.metals.DocumentHighlightProvider.documentHighlight(DocumentHighlightProvider.scala:29)
	at scala.meta.internal.metals.MetalsLanguageServer.$anonfun$documentHighlights$1(MetalsLanguageServer.scala:1451)
	at scala.meta.internal.metals.CancelTokens$.$anonfun$apply$2(CancelTokens.scala:26)
	at scala.concurrent.Future$.$anonfun$apply$1(Future.scala:659)
	at scala.util.Success.$anonfun$map$1(Try.scala:255)
	at scala.util.Success.map(Try.scala:213)
	at scala.concurrent.Future.$anonfun$map$1(Future.scala:292)
	at scala.concurrent.impl.Promise.liftedTree1$1(Promise.scala:33)
	at scala.concurrent.impl.Promise.$anonfun$transform$1(Promise.scala:33)
	... 4 more

2022.04.12 11:37:12 WARN  no build target for: /home/fizza/Documents/mdu_rv32/src/test/scala/MultiplierTest.scala[0m
2022.04.12 11:37:13 WARN  no build target for: /home/fizza/Documents/mdu_rv32/src/test/scala/MultiplierTest.scala[0m
2022.04.12 11:37:14 WARN  no build target for: /home/fizza/Documents/mdu_rv32/src/test/scala/MultiplierTest.scala[0m
Apr 12, 2022 11:37:15 AM org.eclipse.lsp4j.jsonrpc.RemoteEndpoint fallbackResponseError
SEVERE: Internal error: file:///home/fizza/Documents/mdu_rv32/src/test/scala/MultiplierTest.scala:13: error: unclosed string literal
      c.io.src_a.poke("Bb1100.S)
                      ^
java.util.concurrent.CompletionException: file:///home/fizza/Documents/mdu_rv32/src/test/scala/MultiplierTest.scala:13: error: unclosed string literal
      c.io.src_a.poke("Bb1100.S)
                      ^
	at java.util.concurrent.CompletableFuture.encodeThrowable(CompletableFuture.java:292)
	at java.util.concurrent.CompletableFuture.completeThrowable(CompletableFuture.java:308)
	at java.util.concurrent.CompletableFuture.uniAccept(CompletableFuture.java:661)
	at java.util.concurrent.CompletableFuture$UniAccept.tryFire(CompletableFuture.java:646)
	at java.util.concurrent.CompletableFuture.postComplete(CompletableFuture.java:488)
	at java.util.concurrent.CompletableFuture.completeExceptionally(CompletableFuture.java:1990)
	at scala.meta.internal.metals.CancelTokens$.$anonfun$future$1(CancelTokens.scala:40)
	at scala.meta.internal.metals.CancelTokens$.$anonfun$future$1$adapted(CancelTokens.scala:38)
	at scala.concurrent.impl.CallbackRunnable.run(Promise.scala:64)
	at java.util.concurrent.ThreadPoolExecutor.runWorker(ThreadPoolExecutor.java:1149)
	at java.util.concurrent.ThreadPoolExecutor$Worker.run(ThreadPoolExecutor.java:624)
	at java.lang.Thread.run(Thread.java:748)
Caused by: file:///home/fizza/Documents/mdu_rv32/src/test/scala/MultiplierTest.scala:13: error: unclosed string literal
      c.io.src_a.poke("Bb1100.S)
                      ^
	at scala.meta.internal.tokenizers.Reporter.syntaxError(Reporter.scala:23)
	at scala.meta.internal.tokenizers.Reporter.syntaxError$(Reporter.scala:23)
	at scala.meta.internal.tokenizers.Reporter$$anon$1.syntaxError(Reporter.scala:33)
	at scala.meta.internal.tokenizers.Reporter.syntaxError(Reporter.scala:25)
	at scala.meta.internal.tokenizers.Reporter.syntaxError$(Reporter.scala:25)
	at scala.meta.internal.tokenizers.Reporter$$anon$1.syntaxError(Reporter.scala:33)
	at scala.meta.internal.tokenizers.LegacyScanner.getStringLit(LegacyScanner.scala:663)
	at scala.meta.internal.tokenizers.LegacyScanner.fetchDoubleQuote$1(LegacyScanner.scala:446)
	at scala.meta.internal.tokenizers.LegacyScanner.fetchToken(LegacyScanner.scala:450)
	at scala.meta.internal.tokenizers.LegacyScanner.nextToken(LegacyScanner.scala:251)
	at scala.meta.internal.mtags.ScalaToplevelMtags.acceptBalancedDelimeters(ScalaToplevelMtags.scala:274)
	at scala.meta.internal.mtags.ScalaToplevelMtags.loop(ScalaToplevelMtags.scala:172)
	at scala.meta.internal.mtags.ScalaToplevelMtags.indexRoot(ScalaToplevelMtags.scala:50)
	at scala.meta.internal.mtags.MtagsIndexer.index(MtagsIndexer.scala:19)
	at scala.meta.internal.mtags.MtagsIndexer.index$(MtagsIndexer.scala:18)
	at scala.meta.internal.mtags.ScalaToplevelMtags.index(ScalaToplevelMtags.scala:40)
	at scala.meta.internal.mtags.Mtags$.allToplevels(Mtags.scala:96)
	at scala.meta.internal.metals.DefinitionProvider.fromMtags(DefinitionProvider.scala:232)
	at scala.meta.internal.metals.DefinitionProvider.$anonfun$positionOccurrence$3(DefinitionProvider.scala:193)
	at scala.Option.orElse(Option.scala:447)
	at scala.meta.internal.metals.DefinitionProvider.$anonfun$positionOccurrence$1(DefinitionProvider.scala:193)
	at scala.Option.flatMap(Option.scala:271)
	at scala.meta.internal.metals.DefinitionProvider.positionOccurrence(DefinitionProvider.scala:188)
	at scala.meta.internal.metals.DocumentHighlightProvider.$anonfun$documentHighlight$1(DocumentHighlightProvider.scala:33)
	at scala.collection.immutable.List.map(List.scala:293)
	at scala.meta.internal.metals.DocumentHighlightProvider.documentHighlight(DocumentHighlightProvider.scala:29)
	at scala.meta.internal.metals.MetalsLanguageServer.$anonfun$documentHighlights$1(MetalsLanguageServer.scala:1451)
	at scala.meta.internal.metals.CancelTokens$.$anonfun$apply$2(CancelTokens.scala:26)
	at scala.concurrent.Future$.$anonfun$apply$1(Future.scala:659)
	at scala.util.Success.$anonfun$map$1(Try.scala:255)
	at scala.util.Success.map(Try.scala:213)
	at scala.concurrent.Future.$anonfun$map$1(Future.scala:292)
	at scala.concurrent.impl.Promise.liftedTree1$1(Promise.scala:33)
	at scala.concurrent.impl.Promise.$anonfun$transform$1(Promise.scala:33)
	... 4 more

2022.04.12 11:37:16 WARN  no build target for: /home/fizza/Documents/mdu_rv32/src/test/scala/MultiplierTest.scala[0m
2022.04.12 11:37:18 WARN  no build target for: /home/fizza/Documents/mdu_rv32/src/test/scala/MultiplierTest.scala[0m
2022.04.12 11:37:30 WARN  no build target for: /home/fizza/Documents/mdu_rv32/src/test/scala/MultiplierTest.scala[0m
2022.04.12 11:37:42 WARN  no build target for: /home/fizza/Documents/mdu_rv32/src/test/scala/MultiplierTest.scala[0m
2022.04.12 11:37:44 WARN  no build target for: /home/fizza/Documents/mdu_rv32/src/test/scala/MultiplierTest.scala[0m
2022.04.12 11:38:13 WARN  no build target for: /home/fizza/Documents/mdu_rv32/src/test/scala/MultiplierTest.scala[0m
2022.04.12 11:38:20 WARN  no build target for: /home/fizza/Documents/mdu_rv32/src/test/scala/MultiplierTest.scala[0m
2022.04.12 11:38:22 WARN  no build target for: /home/fizza/Documents/mdu_rv32/src/test/scala/MultiplierTest.scala[0m
2022.04.12 11:38:27 WARN  no build target for: /home/fizza/Documents/mdu_rv32/src/test/scala/MultiplierTest.scala[0m
2022.04.12 11:38:31 WARN  no build target for: /home/fizza/Documents/mdu_rv32/src/test/scala/MultiplierTest.scala[0m
2022.04.12 11:38:35 WARN  no build target for: /home/fizza/Documents/mdu_rv32/src/test/scala/MultiplierTest.scala[0m
2022.04.12 11:40:28 WARN  no build target for: /home/fizza/Documents/mdu_rv32/src/test/scala/MultiplierTest.scala[0m
2022.04.12 11:41:05 WARN  no build target for: /home/fizza/Documents/mdu_rv32/src/test/scala/MultiplierTest.scala[0m
2022.04.12 11:41:09 WARN  no build target for: /home/fizza/Documents/mdu_rv32/src/test/scala/MultiplierTest.scala[0m
2022.04.12 11:41:20 WARN  no build target for: /home/fizza/Documents/mdu_rv32/src/test/scala/MultiplierTest.scala[0m
2022.04.12 12:21:16 WARN  no build target for: /home/fizza/Documents/mdu_rv32/src/test/scala/MultiplierTest.scala[0m
2022.04.12 12:21:18 WARN  no build target for: /home/fizza/Documents/mdu_rv32/src/test/scala/MultiplierTest.scala[0m
2022.04.12 12:21:26 WARN  no build target for: /home/fizza/Documents/mdu_rv32/src/test/scala/MultiplierTest.scala[0m
2022.04.12 12:21:28 WARN  no build target for: /home/fizza/Documents/mdu_rv32/src/test/scala/MultiplierTest.scala[0m
2022.04.12 12:29:01 WARN  no build target for: /home/fizza/Documents/mdu_rv32/src/test/scala/MultiplierTest.scala[0m
2022.04.12 12:29:02 WARN  no build target for: /home/fizza/Documents/mdu_rv32/src/test/scala/MultiplierTest.scala[0m
Apr 12, 2022 12:30:13 PM org.eclipse.lsp4j.jsonrpc.RemoteEndpoint handleCancellation
WARNING: Unmatched cancel notification for request id 1212
2022.04.12 12:30:25 WARN  no build target for: /home/fizza/Documents/mdu_rv32/src/test/scala/MultiplierTest.scala[0m
2022.04.12 12:30:49 WARN  no build target for: /home/fizza/Documents/mdu_rv32/src/test/scala/MultiplierTest.scala[0m
2022.04.12 12:30:54 WARN  no build target for: /home/fizza/Documents/mdu_rv32/src/test/scala/MultiplierTest.scala[0m
2022.04.12 12:31:12 WARN  no build target for: /home/fizza/Documents/mdu_rv32/src/test/scala/MultiplierTest.scala[0m
2022.04.12 12:31:13 WARN  no build target for: /home/fizza/Documents/mdu_rv32/src/test/scala/MultiplierTest.scala[0m
2022.04.13 09:24:27 INFO  tracing is disabled for protocol LSP, to enable tracing of incoming and outgoing JSON messages create an empty file at /home/fizza/Documents/mdu_rv32/.metals/lsp.trace.json or /home/fizza/.cache/metals/lsp.trace.json
2022.04.13 09:24:29 INFO  logging to file /home/fizza/Documents/mdu_rv32/.metals/metals.log
2022.04.13 09:24:29 INFO  Started: Metals version 0.11.2 in workspace '/home/fizza/Documents/mdu_rv32' for client Visual Studio Code 1.66.1.
2022.04.13 09:24:33 INFO  time: initialize in 4.26s
2022.04.13 09:24:37 WARN  Build server is not auto-connectable.
2022.04.13 09:24:39 INFO  skipping build import with status 'Requested'
2022.04.13 09:24:39 WARN  no build target for: /home/fizza/Documents/mdu_rv32/src/main/scala/Multiplier.scala
2022.04.13 09:24:44 INFO  no build target found for /home/fizza/Documents/mdu_rv32/src/main/scala/Multiplier.scala. Using presentation compiler with project's scala-library version: 3.1.1
2022.04.13 09:24:51 INFO  time: code lens generation in 9.9s
2022.04.13 09:25:34 WARN  no build target for: /home/fizza/Documents/mdu_rv32/src/test/scala/MultiplierTest.scala
2022.04.13 09:31:29 WARN  no build target for: /home/fizza/Documents/mdu_rv32/src/main/scala/MduControl.scala
2022.04.13 09:31:45 WARN  no build target for: /home/fizza/Documents/mdu_rv32/src/main/scala/Multiplier.scala
2022.04.13 09:31:49 WARN  no build target for: /home/fizza/Documents/mdu_rv32/src/main/scala/Multiplier.scala
2022.04.13 09:31:56 WARN  no build target for: /home/fizza/Documents/mdu_rv32/src/main/scala/Multiplier.scala
2022.04.13 09:31:56 WARN  no build target for: /home/fizza/Documents/mdu_rv32/src/main/scala/Multiplier.scala
2022.04.13 09:32:18 WARN  no build target for: /home/fizza/Documents/mdu_rv32/src/test/scala/MultiplierTest.scala
2022.04.13 09:32:22 WARN  no build target for: /home/fizza/Documents/mdu_rv32/src/test/scala/MultiplierTest.scala
2022.04.13 09:34:14 WARN  no build target for: /home/fizza/Documents/mdu_rv32/src/test/scala/MultiplierTest.scala
2022.04.13 09:34:17 WARN  no build target for: /home/fizza/Documents/mdu_rv32/src/test/scala/MultiplierTest.scala
2022.04.13 09:34:23 WARN  no build target for: /home/fizza/Documents/mdu_rv32/src/test/scala/MultiplierTest.scala
2022.04.13 09:34:26 WARN  no build target for: /home/fizza/Documents/mdu_rv32/src/test/scala/MultiplierTest.scala
2022.04.13 09:34:29 WARN  no build target for: /home/fizza/Documents/mdu_rv32/src/test/scala/MultiplierTest.scala
2022.04.13 09:34:32 WARN  no build target for: /home/fizza/Documents/mdu_rv32/src/test/scala/MultiplierTest.scala
2022.04.13 09:34:34 WARN  no build target for: /home/fizza/Documents/mdu_rv32/src/test/scala/MultiplierTest.scala
2022.04.13 09:34:37 WARN  no build target for: /home/fizza/Documents/mdu_rv32/src/test/scala/MultiplierTest.scala
2022.04.13 09:34:39 WARN  no build target for: /home/fizza/Documents/mdu_rv32/src/test/scala/MultiplierTest.scala
2022.04.13 09:34:42 WARN  no build target for: /home/fizza/Documents/mdu_rv32/src/test/scala/MultiplierTest.scala
2022.04.13 09:36:48 WARN  no build target for: /home/fizza/Documents/mdu_rv32/src/main/scala/Multiplier.scala
2022.04.13 09:36:51 WARN  no build target for: /home/fizza/Documents/mdu_rv32/src/main/scala/Multiplier.scala
2022.04.13 09:36:53 WARN  no build target for: /home/fizza/Documents/mdu_rv32/src/main/scala/Multiplier.scala
2022.04.13 09:38:51 WARN  no build target for: /home/fizza/Documents/mdu_rv32/src/test/scala/MultiplierTest.scala
2022.04.13 09:38:56 WARN  no build target for: /home/fizza/Documents/mdu_rv32/src/test/scala/MultiplierTest.scala
2022.04.13 09:39:14 WARN  no build target for: /home/fizza/Documents/mdu_rv32/src/main/scala/Multiplier.scala
2022.04.13 09:39:18 WARN  no build target for: /home/fizza/Documents/mdu_rv32/src/main/scala/Multiplier.scala
2022.04.13 09:39:22 WARN  no build target for: /home/fizza/Documents/mdu_rv32/src/main/scala/Multiplier.scala
2022.04.13 09:40:09 WARN  no build target for: /home/fizza/Documents/mdu_rv32/src/test/scala/MultiplierTest.scala
2022.04.13 09:40:11 WARN  no build target for: /home/fizza/Documents/mdu_rv32/src/test/scala/MultiplierTest.scala
2022.04.13 09:40:11 WARN  no build target for: /home/fizza/Documents/mdu_rv32/src/test/scala/MultiplierTest.scala
2022.04.13 09:41:39 WARN  no build target for: /home/fizza/Documents/mdu_rv32/src/test/scala/MultiplierTest.scala
2022.04.13 09:41:40 WARN  no build target for: /home/fizza/Documents/mdu_rv32/src/test/scala/MultiplierTest.scala
2022.04.13 09:41:40 WARN  no build target for: /home/fizza/Documents/mdu_rv32/src/test/scala/MultiplierTest.scala
2022.04.13 09:42:48 WARN  no build target for: /home/fizza/Documents/mdu_rv32/src/test/scala/MultiplierTest.scala
2022.04.13 09:42:48 WARN  no build target for: /home/fizza/Documents/mdu_rv32/src/test/scala/MultiplierTest.scala
2022.04.13 09:43:33 WARN  no build target for: /home/fizza/Documents/mdu_rv32/src/test/scala/MultiplierTest.scala
2022.04.13 09:43:34 WARN  no build target for: /home/fizza/Documents/mdu_rv32/src/test/scala/MultiplierTest.scala
2022.04.13 09:43:53 WARN  no build target for: /home/fizza/Documents/mdu_rv32/src/test/scala/MultiplierTest.scala
2022.04.13 09:43:58 WARN  no build target for: /home/fizza/Documents/mdu_rv32/src/test/scala/MultiplierTest.scala
2022.04.13 09:44:00 WARN  no build target for: /home/fizza/Documents/mdu_rv32/src/test/scala/MultiplierTest.scala
2022.04.13 09:44:37 WARN  no build target for: /home/fizza/Documents/mdu_rv32/src/test/scala/MultiplierTest.scala
2022.04.13 09:44:56 WARN  no build target for: /home/fizza/Documents/mdu_rv32/src/test/scala/MultiplierTest.scala
2022.04.13 09:46:49 WARN  no build target for: /home/fizza/Documents/mdu_rv32/src/main/scala/Multiplier.scala
2022.04.13 09:46:52 WARN  no build target for: /home/fizza/Documents/mdu_rv32/src/main/scala/Multiplier.scala
2022.04.13 09:46:56 WARN  no build target for: /home/fizza/Documents/mdu_rv32/src/main/scala/Multiplier.scala
2022.04.13 09:47:09 WARN  no build target for: /home/fizza/Documents/mdu_rv32/src/main/scala/Multiplier.scala
2022.04.13 09:47:14 WARN  no build target for: /home/fizza/Documents/mdu_rv32/src/main/scala/Multiplier.scala
2022.04.13 09:47:23 WARN  no build target for: /home/fizza/Documents/mdu_rv32/src/main/scala/Multiplier.scala
2022.04.13 09:47:51 WARN  no build target for: /home/fizza/Documents/mdu_rv32/src/main/scala/Multiplier.scala
2022.04.13 09:47:56 WARN  no build target for: /home/fizza/Documents/mdu_rv32/src/main/scala/Multiplier.scala
2022.04.13 09:48:09 WARN  no build target for: /home/fizza/Documents/mdu_rv32/src/test/scala/MultiplierTest.scala
2022.04.13 09:48:13 WARN  no build target for: /home/fizza/Documents/mdu_rv32/src/test/scala/MultiplierTest.scala
2022.04.13 09:49:32 WARN  no build target for: /home/fizza/Documents/mdu_rv32/src/main/scala/Multiplier.scala
2022.04.13 09:49:41 WARN  no build target for: /home/fizza/Documents/mdu_rv32/src/main/scala/Multiplier.scala
2022.04.13 09:49:42 WARN  no build target for: /home/fizza/Documents/mdu_rv32/src/main/scala/Multiplier.scala
2022.04.13 09:53:00 WARN  no build target for: /home/fizza/Documents/mdu_rv32/src/main/scala/Multiplier.scala
2022.04.13 09:53:04 WARN  no build target for: /home/fizza/Documents/mdu_rv32/src/main/scala/Multiplier.scala
2022.04.13 09:53:06 WARN  no build target for: /home/fizza/Documents/mdu_rv32/src/main/scala/Multiplier.scala
2022.04.13 09:53:50 WARN  no build target for: /home/fizza/Documents/mdu_rv32/src/main/scala/Multiplier.scala
2022.04.13 09:54:05 WARN  no build target for: /home/fizza/Documents/mdu_rv32/src/main/scala/Multiplier.scala
2022.04.13 09:57:54 WARN  no build target for: /home/fizza/Documents/mdu_rv32/src/main/scala/Multiplier.scala
2022.04.13 09:58:55 WARN  no build target for: /home/fizza/Documents/mdu_rv32/src/main/scala/Multiplier.scala
2022.04.13 09:58:57 WARN  no build target for: /home/fizza/Documents/mdu_rv32/src/main/scala/Multiplier.scala
2022.04.13 09:59:00 WARN  no build target for: /home/fizza/Documents/mdu_rv32/src/main/scala/Multiplier.scala
2022.04.13 09:59:03 WARN  no build target for: /home/fizza/Documents/mdu_rv32/src/main/scala/Multiplier.scala
2022.04.13 09:59:05 WARN  no build target for: /home/fizza/Documents/mdu_rv32/src/main/scala/Multiplier.scala
2022.04.13 09:59:06 WARN  no build target for: /home/fizza/Documents/mdu_rv32/src/main/scala/Multiplier.scala
2022.04.13 09:59:11 WARN  no build target for: /home/fizza/Documents/mdu_rv32/src/main/scala/Multiplier.scala
2022.04.13 10:00:04 WARN  no build target for: /home/fizza/Documents/mdu_rv32/src/main/scala/Multiplier.scala
2022.04.13 10:00:11 WARN  no build target for: /home/fizza/Documents/mdu_rv32/src/test/scala/MultiplierTest.scala
2022.04.13 10:00:15 WARN  no build target for: /home/fizza/Documents/mdu_rv32/src/test/scala/MultiplierTest.scala
2022.04.13 10:00:17 WARN  no build target for: /home/fizza/Documents/mdu_rv32/src/test/scala/MultiplierTest.scala
2022.04.13 10:00:23 WARN  no build target for: /home/fizza/Documents/mdu_rv32/src/test/scala/MultiplierTest.scala
2022.04.13 10:00:26 WARN  no build target for: /home/fizza/Documents/mdu_rv32/src/test/scala/MultiplierTest.scala
2022.04.13 10:00:32 WARN  no build target for: /home/fizza/Documents/mdu_rv32/src/test/scala/MultiplierTest.scala
2022.04.13 10:00:33 WARN  no build target for: /home/fizza/Documents/mdu_rv32/src/test/scala/MultiplierTest.scala
2022.04.13 10:00:33 WARN  no build target for: /home/fizza/Documents/mdu_rv32/src/test/scala/MultiplierTest.scala
2022.04.13 10:00:45 WARN  no build target for: /home/fizza/Documents/mdu_rv32/src/main/scala/Multiplier.scala
2022.04.13 10:00:46 WARN  no build target for: /home/fizza/Documents/mdu_rv32/src/main/scala/Multiplier.scala
2022.04.13 10:00:48 WARN  no build target for: /home/fizza/Documents/mdu_rv32/src/main/scala/Multiplier.scala
2022.04.13 10:00:51 WARN  no build target for: /home/fizza/Documents/mdu_rv32/src/main/scala/Multiplier.scala
2022.04.13 10:00:53 WARN  no build target for: /home/fizza/Documents/mdu_rv32/src/main/scala/Multiplier.scala
2022.04.13 10:00:54 WARN  no build target for: /home/fizza/Documents/mdu_rv32/src/main/scala/Multiplier.scala
2022.04.13 10:00:56 WARN  no build target for: /home/fizza/Documents/mdu_rv32/src/main/scala/Multiplier.scala
2022.04.13 10:00:58 WARN  no build target for: /home/fizza/Documents/mdu_rv32/src/main/scala/Multiplier.scala
2022.04.13 10:01:11 WARN  no build target for: /home/fizza/Documents/mdu_rv32/src/test/scala/MultiplierTest.scala
2022.04.13 10:01:14 WARN  no build target for: /home/fizza/Documents/mdu_rv32/src/test/scala/MultiplierTest.scala
2022.04.13 10:01:46 WARN  no build target for: /home/fizza/Documents/mdu_rv32/src/test/scala/MultiplierTest.scala
2022.04.13 10:02:34 WARN  no build target for: /home/fizza/Documents/mdu_rv32/src/main/scala/Multiplier.scala
2022.04.13 10:02:35 WARN  no build target for: /home/fizza/Documents/mdu_rv32/src/main/scala/Multiplier.scala
2022.04.13 10:02:40 WARN  no build target for: /home/fizza/Documents/mdu_rv32/src/main/scala/Multiplier.scala
2022.04.13 10:02:44 WARN  no build target for: /home/fizza/Documents/mdu_rv32/src/main/scala/Multiplier.scala
2022.04.13 10:02:47 WARN  no build target for: /home/fizza/Documents/mdu_rv32/src/main/scala/Multiplier.scala
2022.04.13 10:02:56 WARN  no build target for: /home/fizza/Documents/mdu_rv32/src/main/scala/Multiplier.scala
2022.04.13 10:03:10 WARN  no build target for: /home/fizza/Documents/mdu_rv32/src/main/scala/Multiplier.scala
2022.04.13 10:03:20 WARN  no build target for: /home/fizza/Documents/mdu_rv32/src/main/scala/Multiplier.scala
2022.04.13 10:03:30 WARN  no build target for: /home/fizza/Documents/mdu_rv32/src/test/scala/MultiplierTest.scala
2022.04.13 10:03:32 WARN  no build target for: /home/fizza/Documents/mdu_rv32/src/test/scala/MultiplierTest.scala
2022.04.13 10:03:32 WARN  no build target for: /home/fizza/Documents/mdu_rv32/src/test/scala/MultiplierTest.scala
2022.04.13 10:04:01 WARN  no build target for: /home/fizza/Documents/mdu_rv32/src/main/scala/Multiplier.scala
2022.04.13 10:04:05 WARN  no build target for: /home/fizza/Documents/mdu_rv32/src/main/scala/Multiplier.scala
2022.04.13 10:04:31 WARN  no build target for: /home/fizza/Documents/mdu_rv32/src/main/scala/Multiplier.scala
2022.04.13 10:04:39 WARN  no build target for: /home/fizza/Documents/mdu_rv32/src/main/scala/Multiplier.scala
2022.04.13 10:04:44 WARN  no build target for: /home/fizza/Documents/mdu_rv32/src/main/scala/Multiplier.scala
2022.04.13 10:04:46 WARN  no build target for: /home/fizza/Documents/mdu_rv32/src/main/scala/Multiplier.scala
2022.04.13 10:04:47 WARN  no build target for: /home/fizza/Documents/mdu_rv32/src/main/scala/Multiplier.scala
2022.04.13 10:04:49 WARN  no build target for: /home/fizza/Documents/mdu_rv32/src/main/scala/Multiplier.scala
2022.04.13 10:04:51 WARN  no build target for: /home/fizza/Documents/mdu_rv32/src/main/scala/Multiplier.scala
2022.04.13 10:04:55 WARN  no build target for: /home/fizza/Documents/mdu_rv32/src/main/scala/Multiplier.scala
2022.04.13 10:04:59 WARN  no build target for: /home/fizza/Documents/mdu_rv32/src/main/scala/Multiplier.scala
2022.04.13 10:05:30 WARN  no build target for: /home/fizza/Documents/mdu_rv32/src/main/scala/Multiplier.scala
2022.04.13 10:05:34 WARN  no build target for: /home/fizza/Documents/mdu_rv32/src/main/scala/Multiplier.scala
2022.04.13 10:09:51 WARN  no build target for: /home/fizza/Documents/mdu_rv32/src/main/scala/Multiplier.scala
2022.04.13 10:10:23 WARN  no build target for: /home/fizza/Documents/mdu_rv32/src/main/scala/Multiplier.scala
2022.04.13 10:10:26 WARN  no build target for: /home/fizza/Documents/mdu_rv32/src/main/scala/Multiplier.scala
2022.04.13 10:11:20 WARN  no build target for: /home/fizza/Documents/mdu_rv32/src/main/scala/Multiplier.scala
2022.04.13 10:11:23 WARN  no build target for: /home/fizza/Documents/mdu_rv32/src/main/scala/Multiplier.scala
2022.04.13 10:11:24 WARN  no build target for: /home/fizza/Documents/mdu_rv32/src/main/scala/Multiplier.scala
2022.04.13 10:11:27 WARN  no build target for: /home/fizza/Documents/mdu_rv32/src/main/scala/Multiplier.scala
2022.04.13 10:11:29 WARN  no build target for: /home/fizza/Documents/mdu_rv32/src/main/scala/Multiplier.scala
2022.04.13 10:29:45 WARN  no build target for: /home/fizza/Documents/mdu_rv32/src/test/scala/MultiplierTest.scala
2022.04.13 10:30:39 WARN  no build target for: /home/fizza/Documents/mdu_rv32/src/main/scala/Multiplier.scala
2022.04.13 10:30:51 WARN  no build target for: /home/fizza/Documents/mdu_rv32/src/main/scala/Multiplier.scala
2022.04.13 10:30:56 WARN  no build target for: /home/fizza/Documents/mdu_rv32/src/main/scala/Multiplier.scala
2022.04.13 10:30:59 WARN  no build target for: /home/fizza/Documents/mdu_rv32/src/main/scala/Multiplier.scala
2022.04.13 10:31:08 WARN  no build target for: /home/fizza/Documents/mdu_rv32/src/main/scala/Multiplier.scala
2022.04.13 10:31:13 WARN  no build target for: /home/fizza/Documents/mdu_rv32/src/main/scala/Multiplier.scala
2022.04.13 10:31:18 WARN  no build target for: /home/fizza/Documents/mdu_rv32/src/main/scala/Multiplier.scala
2022.04.13 10:31:32 WARN  no build target for: /home/fizza/Documents/mdu_rv32/src/main/scala/Multiplier.scala
2022.04.13 10:31:37 WARN  no build target for: /home/fizza/Documents/mdu_rv32/src/main/scala/Multiplier.scala
2022.04.13 10:31:39 WARN  no build target for: /home/fizza/Documents/mdu_rv32/src/main/scala/Multiplier.scala
2022.04.13 10:31:51 WARN  no build target for: /home/fizza/Documents/mdu_rv32/src/main/scala/Multiplier.scala
2022.04.13 10:31:55 WARN  no build target for: /home/fizza/Documents/mdu_rv32/src/main/scala/Multiplier.scala
2022.04.13 10:33:07 WARN  no build target for: /home/fizza/Documents/mdu_rv32/src/main/scala/Multiplier.scala
2022.04.13 10:33:12 WARN  no build target for: /home/fizza/Documents/mdu_rv32/src/main/scala/Multiplier.scala
Apr 13, 2022 10:33:14 AM org.eclipse.lsp4j.jsonrpc.RemoteEndpoint handleCancellation
WARNING: Unmatched cancel notification for request id 1673
2022.04.13 10:33:16 WARN  no build target for: /home/fizza/Documents/mdu_rv32/src/main/scala/Multiplier.scala
2022.04.13 10:33:19 WARN  no build target for: /home/fizza/Documents/mdu_rv32/src/main/scala/Multiplier.scala
2022.04.13 10:33:21 WARN  no build target for: /home/fizza/Documents/mdu_rv32/src/main/scala/Multiplier.scala
2022.04.13 10:33:24 WARN  no build target for: /home/fizza/Documents/mdu_rv32/src/main/scala/Multiplier.scala
2022.04.13 10:39:03 WARN  no build target for: /home/fizza/Documents/mdu_rv32/src/main/scala/Multiplier.scala
2022.04.13 10:39:15 WARN  no build target for: /home/fizza/Documents/mdu_rv32/src/main/scala/Multiplier.scala
2022.04.13 10:39:52 WARN  no build target for: /home/fizza/Documents/mdu_rv32/src/main/scala/Multiplier.scala
2022.04.13 10:39:57 WARN  no build target for: /home/fizza/Documents/mdu_rv32/src/main/scala/Multiplier.scala
2022.04.13 10:40:35 WARN  no build target for: /home/fizza/Documents/mdu_rv32/src/main/scala/Multiplier.scala
2022.04.13 10:40:38 WARN  no build target for: /home/fizza/Documents/mdu_rv32/src/main/scala/Multiplier.scala
2022.04.13 10:40:42 WARN  no build target for: /home/fizza/Documents/mdu_rv32/src/main/scala/Multiplier.scala
2022.04.13 10:41:02 WARN  no build target for: /home/fizza/Documents/mdu_rv32/src/main/scala/Multiplier.scala
2022.04.13 10:41:03 WARN  no build target for: /home/fizza/Documents/mdu_rv32/src/main/scala/Multiplier.scala
2022.04.13 10:41:08 WARN  no build target for: /home/fizza/Documents/mdu_rv32/src/main/scala/Multiplier.scala
2022.04.13 10:41:55 WARN  no build target for: /home/fizza/Documents/mdu_rv32/src/test/scala/MultiplierTest.scala
2022.04.13 10:45:25 WARN  no build target for: /home/fizza/Documents/mdu_rv32/src/test/scala/MultiplierTest.scala
2022.04.13 11:06:40 WARN  no build target for: /home/fizza/Documents/mdu_rv32/src/test/scala/MultiplierTest.scala
2022.04.13 11:15:20 WARN  no build target for: /home/fizza/Documents/mdu_rv32/src/test/scala/MultiplierTest.scala
2022.04.13 11:15:22 WARN  no build target for: /home/fizza/Documents/mdu_rv32/src/test/scala/MultiplierTest.scala
2022.04.13 11:15:25 WARN  no build target for: /home/fizza/Documents/mdu_rv32/src/test/scala/MultiplierTest.scala
2022.04.13 11:15:32 WARN  no build target for: /home/fizza/Documents/mdu_rv32/src/test/scala/MultiplierTest.scala
2022.04.13 11:15:39 WARN  no build target for: /home/fizza/Documents/mdu_rv32/src/test/scala/MultiplierTest.scala
2022.04.13 11:44:07 WARN  no build target for: /home/fizza/Documents/mdu_rv32/src/test/scala/MultiplierTest.scala
2022.04.13 11:44:08 WARN  no build target for: /home/fizza/Documents/mdu_rv32/src/test/scala/MultiplierTest.scala
2022.04.13 12:26:11 WARN  no build target for: /home/fizza/Documents/mdu_rv32/src/main/scala/Multiplier.scala
2022.04.13 12:26:38 WARN  no build target for: /home/fizza/Documents/mdu_rv32/src/test/scala/MultiplierTest.scala
2022.04.13 12:29:50 WARN  no build target for: /home/fizza/Documents/mdu_rv32/src/main/scala/Multiplier.scala
2022.04.13 12:30:00 WARN  no build target for: /home/fizza/Documents/mdu_rv32/src/main/scala/Multiplier.scala
2022.04.13 12:30:09 WARN  no build target for: /home/fizza/Documents/mdu_rv32/src/main/scala/Multiplier.scala
2022.04.13 12:30:34 WARN  no build target for: /home/fizza/Documents/mdu_rv32/src/main/scala/Multiplier.scala
2022.04.13 12:30:36 WARN  no build target for: /home/fizza/Documents/mdu_rv32/src/main/scala/Multiplier.scala
2022.04.13 12:33:50 WARN  no build target for: /home/fizza/Documents/mdu_rv32/src/main/scala/Multiplier.scala
2022.04.13 12:33:54 WARN  no build target for: /home/fizza/Documents/mdu_rv32/src/main/scala/Multiplier.scala
2022.04.13 12:34:08 WARN  no build target for: /home/fizza/Documents/mdu_rv32/src/main/scala/Multiplier.scala
2022.04.13 12:34:09 WARN  no build target for: /home/fizza/Documents/mdu_rv32/src/main/scala/Multiplier.scala
2022.04.13 12:35:08 WARN  no build target for: /home/fizza/Documents/mdu_rv32/src/main/scala/Multiplier.scala
2022.04.13 12:35:09 WARN  no build target for: /home/fizza/Documents/mdu_rv32/src/main/scala/Multiplier.scala
2022.04.13 12:35:14 WARN  no build target for: /home/fizza/Documents/mdu_rv32/src/main/scala/Multiplier.scala
2022.04.13 12:38:55 WARN  no build target for: /home/fizza/Documents/mdu_rv32/src/main/scala/Multiplier.scala
2022.04.13 12:45:41 WARN  no build target for: /home/fizza/Documents/mdu_rv32/src/test/scala/MultiplierTest.scala
2022.04.13 12:45:44 WARN  no build target for: /home/fizza/Documents/mdu_rv32/src/test/scala/MultiplierTest.scala
2022.04.13 12:45:49 WARN  no build target for: /home/fizza/Documents/mdu_rv32/src/test/scala/MultiplierTest.scala
2022.04.13 12:45:57 WARN  no build target for: /home/fizza/Documents/mdu_rv32/src/test/scala/MultiplierTest.scala
2022.04.13 12:50:19 WARN  no build target for: /home/fizza/Documents/mdu_rv32/src/test/scala/MultiplierTest.scala
2022.04.13 12:54:01 WARN  no build target for: /home/fizza/Documents/mdu_rv32/src/test/scala/MultiplierTest.scala
2022.04.13 12:54:01 WARN  no build target for: /home/fizza/Documents/mdu_rv32/src/test/scala/MultiplierTest.scala
2022.04.13 12:54:51 WARN  no build target for: /home/fizza/Documents/mdu_rv32/src/test/scala/MultiplierTest.scala
2022.04.13 12:54:51 WARN  no build target for: /home/fizza/Documents/mdu_rv32/src/test/scala/MultiplierTest.scala
Apr 13, 2022 12:55:12 PM org.eclipse.lsp4j.jsonrpc.services.GenericEndpoint notify
INFO: Unsupported notification method: $/setTrace
2022.04.13 12:56:06 WARN  no build target for: /home/fizza/Documents/mdu_rv32/src/main/scala/Multiplier.scala
2022.04.13 12:56:10 WARN  no build target for: /home/fizza/Documents/mdu_rv32/src/main/scala/Multiplier.scala
2022.04.13 12:56:17 WARN  no build target for: /home/fizza/Documents/mdu_rv32/src/main/scala/Multiplier.scala
2022.04.13 12:56:23 WARN  no build target for: /home/fizza/Documents/mdu_rv32/src/main/scala/Multiplier.scala
2022.04.13 12:56:24 WARN  no build target for: /home/fizza/Documents/mdu_rv32/src/main/scala/Multiplier.scala
2022.04.13 12:56:29 WARN  no build target for: /home/fizza/Documents/mdu_rv32/src/main/scala/Multiplier.scala
2022.04.13 12:56:36 WARN  no build target for: /home/fizza/Documents/mdu_rv32/src/main/scala/Multiplier.scala
2022.04.13 12:56:39 WARN  no build target for: /home/fizza/Documents/mdu_rv32/src/main/scala/Multiplier.scala
2022.04.13 12:56:40 WARN  no build target for: /home/fizza/Documents/mdu_rv32/src/main/scala/Multiplier.scala
2022.04.13 12:56:53 WARN  no build target for: /home/fizza/Documents/mdu_rv32/src/main/scala/Multiplier.scala
2022.04.13 12:56:57 WARN  no build target for: /home/fizza/Documents/mdu_rv32/src/main/scala/Multiplier.scala
2022.04.13 12:57:09 WARN  no build target for: /home/fizza/Documents/mdu_rv32/src/main/scala/Multiplier.scala
2022.04.13 15:00:58 WARN  no build target for: /home/fizza/Documents/mdu_rv32/src/main/scala/Multiplier.scala
2022.04.13 15:01:02 WARN  no build target for: /home/fizza/Documents/mdu_rv32/src/main/scala/Multiplier.scala
2022.04.13 15:01:19 WARN  no build target for: /home/fizza/Documents/mdu_rv32/src/main/scala/Multiplier.scala
2022.04.13 15:01:21 WARN  no build target for: /home/fizza/Documents/mdu_rv32/src/main/scala/Multiplier.scala
2022.04.14 14:19:59 WARN  no build target for: /home/fizza/Documents/mdu_rv32/src/main/scala/Multiplier.scala
2022.04.14 14:22:13 WARN  no build target for: /home/fizza/Documents/mdu_rv32/src/test/scala/MultiplierTest.scala
2022.04.14 14:22:19 WARN  no build target for: /home/fizza/Documents/mdu_rv32/src/test/scala/MultiplierTest.scala
2022.04.14 14:22:20 WARN  no build target for: /home/fizza/Documents/mdu_rv32/src/test/scala/MultiplierTest.scala
2022.04.14 14:22:23 WARN  no build target for: /home/fizza/Documents/mdu_rv32/src/test/scala/MultiplierTest.scala
2022.04.14 14:22:30 WARN  no build target for: /home/fizza/Documents/mdu_rv32/src/test/scala/MultiplierTest.scala
2022.04.14 14:22:33 WARN  no build target for: /home/fizza/Documents/mdu_rv32/src/test/scala/MultiplierTest.scala
2022.04.14 14:22:37 WARN  no build target for: /home/fizza/Documents/mdu_rv32/src/test/scala/MultiplierTest.scala
2022.04.14 14:22:38 WARN  no build target for: /home/fizza/Documents/mdu_rv32/src/test/scala/MultiplierTest.scala
2022.04.14 14:22:53 WARN  no build target for: /home/fizza/Documents/mdu_rv32/src/test/scala/MultiplierTest.scala
2022.04.14 14:22:59 WARN  no build target for: /home/fizza/Documents/mdu_rv32/src/test/scala/MultiplierTest.scala
2022.04.14 14:24:29 WARN  no build target for: /home/fizza/Documents/mdu_rv32/src/test/scala/MultiplierTest.scala
2022.04.14 14:24:34 WARN  no build target for: /home/fizza/Documents/mdu_rv32/src/test/scala/MultiplierTest.scala
2022.04.14 14:24:36 WARN  no build target for: /home/fizza/Documents/mdu_rv32/src/test/scala/MultiplierTest.scala
2022.04.14 14:25:42 WARN  no build target for: /home/fizza/Documents/mdu_rv32/src/test/scala/MultiplierTest.scala
2022.04.14 14:25:48 WARN  no build target for: /home/fizza/Documents/mdu_rv32/src/test/scala/MultiplierTest.scala
2022.04.14 14:26:20 WARN  no build target for: /home/fizza/Documents/mdu_rv32/src/test/scala/MultiplierTest.scala
2022.04.14 14:26:35 WARN  no build target for: /home/fizza/Documents/mdu_rv32/src/test/scala/MultiplierTest.scala
2022.04.14 14:26:41 WARN  no build target for: /home/fizza/Documents/mdu_rv32/src/test/scala/MultiplierTest.scala
2022.04.14 14:26:57 WARN  no build target for: /home/fizza/Documents/mdu_rv32/src/test/scala/MultiplierTest.scala
2022.04.14 14:27:00 WARN  no build target for: /home/fizza/Documents/mdu_rv32/src/test/scala/MultiplierTest.scala
2022.04.14 14:27:30 WARN  no build target for: /home/fizza/Documents/mdu_rv32/src/test/scala/MultiplierTest.scala
2022.04.14 14:28:12 WARN  no build target for: /home/fizza/Documents/mdu_rv32/src/test/scala/MultiplierTest.scala
2022.04.14 14:28:20 WARN  no build target for: /home/fizza/Documents/mdu_rv32/src/test/scala/MultiplierTest.scala
2022.04.14 14:28:23 WARN  no build target for: /home/fizza/Documents/mdu_rv32/src/test/scala/MultiplierTest.scala
2022.04.14 14:28:27 WARN  no build target for: /home/fizza/Documents/mdu_rv32/src/test/scala/MultiplierTest.scala
2022.04.14 14:28:39 WARN  no build target for: /home/fizza/Documents/mdu_rv32/src/test/scala/MultiplierTest.scala
2022.04.14 14:28:50 WARN  no build target for: /home/fizza/Documents/mdu_rv32/src/test/scala/MultiplierTest.scala
2022.04.14 14:28:59 WARN  no build target for: /home/fizza/Documents/mdu_rv32/src/test/scala/MultiplierTest.scala
2022.04.14 14:29:09 WARN  no build target for: /home/fizza/Documents/mdu_rv32/src/test/scala/MultiplierTest.scala
2022.04.14 14:29:17 WARN  no build target for: /home/fizza/Documents/mdu_rv32/src/test/scala/MultiplierTest.scala
2022.04.14 14:30:09 WARN  no build target for: /home/fizza/Documents/mdu_rv32/src/test/scala/MultiplierTest.scala
2022.04.14 14:32:39 WARN  no build target for: /home/fizza/Documents/mdu_rv32/src/test/scala/MultiplierTest.scala
2022.04.14 14:33:15 WARN  no build target for: /home/fizza/Documents/mdu_rv32/src/test/scala/MultiplierTest.scala
2022.04.14 14:33:23 WARN  no build target for: /home/fizza/Documents/mdu_rv32/src/test/scala/MultiplierTest.scala
2022.04.14 14:33:25 WARN  no build target for: /home/fizza/Documents/mdu_rv32/src/test/scala/MultiplierTest.scala
2022.04.14 14:33:27 WARN  no build target for: /home/fizza/Documents/mdu_rv32/src/test/scala/MultiplierTest.scala
2022.04.14 14:34:01 WARN  no build target for: /home/fizza/Documents/mdu_rv32/src/test/scala/MultiplierTest.scala
2022.04.14 14:34:09 WARN  no build target for: /home/fizza/Documents/mdu_rv32/src/test/scala/MultiplierTest.scala
2022.04.14 14:35:09 WARN  no build target for: /home/fizza/Documents/mdu_rv32/src/test/scala/MultiplierTest.scala
2022.04.14 16:19:57 INFO  tracing is disabled for protocol LSP, to enable tracing of incoming and outgoing JSON messages create an empty file at /home/fizza/Documents/mdu_rv32/.metals/lsp.trace.json or /home/fizza/.cache/metals/lsp.trace.json
2022.04.14 16:19:59 INFO  logging to file /home/fizza/Documents/mdu_rv32/.metals/metals.log
2022.04.14 16:19:59 INFO  Started: Metals version 0.11.2 in workspace '/home/fizza/Documents/mdu_rv32' for client Visual Studio Code 1.66.2.
2022.04.14 16:20:02 INFO  time: initialize in 2.81s
2022.04.14 16:20:04 WARN  Build server is not auto-connectable.
2022.04.14 16:20:06 INFO  skipping build import with status 'Requested'
2022.04.14 16:20:06 WARN  no build target for: /home/fizza/Documents/mdu_rv32/src/main/scala/MduControl.scala
2022.04.14 16:20:12 INFO  no build target found for /home/fizza/Documents/mdu_rv32/src/main/scala/MduControl.scala. Using presentation compiler with project's scala-library version: 3.1.1
2022.04.14 16:20:16 INFO  time: code lens generation in 8.46s
2022.04.14 16:44:48 WARN  no build target for: /home/fizza/Documents/mdu_rv32/src/main/scala/Multiplier.scala
2022.04.15 14:43:35 WARN  no build target for: /home/fizza/Documents/mdu_rv32/src/test/scala/MultiplierTest.scala
Apr 15, 2022 3:03:18 PM org.eclipse.lsp4j.jsonrpc.services.GenericEndpoint notify
INFO: Unsupported notification method: $/setTrace
Apr 15, 2022 3:28:41 PM org.eclipse.lsp4j.jsonrpc.RemoteEndpoint handleNotification
WARNING: Notification threw an exception: {
  "jsonrpc": "2.0",
  "method": "metals/didFocusTextDocument",
  "params": [
    "git:/home/fizza/Documents/mdu_rv32/src/main/scala/Multiplier.scala?%7B%22path%22%3A%22%2Fhome%2Ffizza%2FDocuments%2Fmdu_rv32%2Fsrc%2Fmain%2Fscala%2FMultiplier.scala%22%2C%22ref%22%3A%22~%22%7D"
  ]
}
java.lang.RuntimeException: java.lang.reflect.InvocationTargetException
	at org.eclipse.lsp4j.jsonrpc.services.GenericEndpoint.lambda$null$0(GenericEndpoint.java:67)
	at org.eclipse.lsp4j.jsonrpc.services.GenericEndpoint.notify(GenericEndpoint.java:152)
	at org.eclipse.lsp4j.jsonrpc.RemoteEndpoint.handleNotification(RemoteEndpoint.java:220)
	at org.eclipse.lsp4j.jsonrpc.RemoteEndpoint.consume(RemoteEndpoint.java:187)
	at org.eclipse.lsp4j.jsonrpc.json.StreamMessageProducer.handleMessage(StreamMessageProducer.java:194)
	at org.eclipse.lsp4j.jsonrpc.json.StreamMessageProducer.listen(StreamMessageProducer.java:94)
	at org.eclipse.lsp4j.jsonrpc.json.ConcurrentMessageProcessor.run(ConcurrentMessageProcessor.java:113)
	at java.util.concurrent.Executors$RunnableAdapter.call(Executors.java:511)
	at java.util.concurrent.FutureTask.run(FutureTask.java:266)
	at java.util.concurrent.ThreadPoolExecutor.runWorker(ThreadPoolExecutor.java:1149)
	at java.util.concurrent.ThreadPoolExecutor$Worker.run(ThreadPoolExecutor.java:624)
	at java.lang.Thread.run(Thread.java:748)
Caused by: java.lang.reflect.InvocationTargetException
	at sun.reflect.NativeMethodAccessorImpl.invoke0(Native Method)
	at sun.reflect.NativeMethodAccessorImpl.invoke(NativeMethodAccessorImpl.java:62)
	at sun.reflect.DelegatingMethodAccessorImpl.invoke(DelegatingMethodAccessorImpl.java:43)
	at java.lang.reflect.Method.invoke(Method.java:498)
	at org.eclipse.lsp4j.jsonrpc.services.GenericEndpoint.lambda$null$0(GenericEndpoint.java:65)
	... 11 more
Caused by: java.nio.file.FileSystemNotFoundException: Provider "git" not installed
	at java.nio.file.Paths.get(Paths.java:147)
	at scala.meta.internal.metals.MetalsEnrichments$XtensionURI.toAbsolutePath(MetalsEnrichments.scala:559)
	at scala.meta.internal.metals.MetalsEnrichments$XtensionString.toAbsolutePath(MetalsEnrichments.scala:630)
	at scala.meta.internal.metals.MetalsEnrichments$XtensionString.toAbsolutePath(MetalsEnrichments.scala:621)
	at scala.meta.internal.metals.MetalsLanguageServer.didFocus(MetalsLanguageServer.scala:1118)
	... 16 more

